# JRE version: OpenJDK Runtime Environment Temurin-17.0.2+8 (17.0.2+8) (build 17.0.2+8)
# Java VM: OpenJDK 64-Bit Server VM Temurin-17.0.2+8 (17.0.2+8, mixed mode, emulated-client, tiered, compressed oops, compressed class ptrs, g1 gc, windows-amd64)
GC Precious Log:
 CPUs: 4 total, 4 available
 Memory: 16337M
 Large Page Support: Disabled
 NUMA Support: Disabled
 Compressed Oops: Enabled (Zero based)
 Heap Region Size: 2M
 Heap Min Capacity: 8M
 Heap Initial Capacity: 256M
 Heap Max Capacity: 4086M
 Pre-touch: Disabled
 Parallel Workers: 4
 Concurrent Workers: 1
 Concurrent Refinement Workers: 4
 Periodic GC: Disabled
Heap:
 garbage-first heap   total 81920K, used 56999K [0x0000000700a00000, 0x0000000800000000)
  region size 2048K, 16 young (32768K), 2 survivors (4096K)
 Metaspace       used 78176K, committed 78784K, reserved 1122304K
  class space    used 10672K, committed 10944K, reserved 1048576K
GC Heap History (20 events):
Event: 390.051 GC heap before
{Heap before GC invocations=24 (full 0):
 garbage-first heap   total 161792K, used 63217K [0x0000000700a00000, 0x0000000800000000)
  region size 2048K, 20 young (40960K), 4 survivors (8192K)
 Metaspace       used 76751K, committed 77312K, reserved 1122304K
  class space    used 10533K, committed 10816K, reserved 1048576K
}
Event: 390.110 GC heap after
{Heap after GC invocations=25 (full 1):
 garbage-first heap   total 81920K, used 23662K [0x0000000700a00000, 0x0000000800000000)
  region size 2048K, 0 young (0K), 0 survivors (0K)
 Metaspace       used 76613K, committed 77312K, reserved 1122304K
  class space    used 10504K, committed 10816K, reserved 1048576K
}
Event: 392.324 GC heap before
{Heap before GC invocations=25 (full 1):
 garbage-first heap   total 81920K, used 62574K [0x0000000700a00000, 0x0000000800000000)
  region size 2048K, 20 young (40960K), 0 survivors (0K)
 Metaspace       used 76872K, committed 77440K, reserved 1122304K
  class space    used 10543K, committed 10816K, reserved 1048576K
}
Event: 392.327 GC heap after
{Heap after GC invocations=26 (full 1):
 garbage-first heap   total 81920K, used 26915K [0x0000000700a00000, 0x0000000800000000)
  region size 2048K, 2 young (4096K), 2 survivors (4096K)
 Metaspace       used 76872K, committed 77440K, reserved 1122304K
  class space    used 10543K, committed 10816K, reserved 1048576K
}
Event: 393.072 GC heap before
{Heap before GC invocations=27 (full 1):
 garbage-first heap   total 81920K, used 61731K [0x0000000700a00000, 0x0000000800000000)
  region size 2048K, 20 young (40960K), 2 survivors (4096K)
 Metaspace       used 76934K, committed 77504K, reserved 1122304K
  class space    used 10551K, committed 10816K, reserved 1048576K
}
Event: 393.077 GC heap after
{Heap after GC invocations=28 (full 1):
 garbage-first heap   total 81920K, used 29732K [0x0000000700a00000, 0x0000000800000000)
  region size 2048K, 3 young (6144K), 3 survivors (6144K)
 Metaspace       used 76934K, committed 77504K, reserved 1122304K
  class space    used 10551K, committed 10816K, reserved 1048576K
}
Event: 393.101 GC heap before
{Heap before GC invocations=28 (full 1):
 garbage-first heap   total 81920K, used 31780K [0x0000000700a00000, 0x0000000800000000)
  region size 2048K, 4 young (8192K), 3 survivors (6144K)
 Metaspace       used 76949K, committed 77504K, reserved 1122304K
  class space    used 10552K, committed 10816K, reserved 1048576K
}
Event: 393.108 GC heap after
{Heap after GC invocations=29 (full 1):
 garbage-first heap   total 81920K, used 30262K [0x0000000700a00000, 0x0000000800000000)
  region size 2048K, 1 young (2048K), 1 survivors (2048K)
 Metaspace       used 76949K, committed 77504K, reserved 1122304K
  class space    used 10552K, committed 10816K, reserved 1048576K
}
Event: 393.694 GC heap before
{Heap before GC invocations=29 (full 1):
 garbage-first heap   total 81920K, used 63030K [0x0000000700a00000, 0x0000000800000000)
  region size 2048K, 17 young (34816K), 1 survivors (2048K)
 Metaspace       used 77219K, committed 77824K, reserved 1122304K
  class space    used 10575K, committed 10880K, reserved 1048576K
}
Event: 393.697 GC heap after
{Heap after GC invocations=30 (full 1):
 garbage-first heap   total 81920K, used 30919K [0x0000000700a00000, 0x0000000800000000)
  region size 2048K, 1 young (2048K), 1 survivors (2048K)
 Metaspace       used 77219K, committed 77824K, reserved 1122304K
  class space    used 10575K, committed 10880K, reserved 1048576K
}
Event: 394.151 GC heap before
{Heap before GC invocations=30 (full 1):
 garbage-first heap   total 81920K, used 63687K [0x0000000700a00000, 0x0000000800000000)
  region size 2048K, 17 young (34816K), 1 survivors (2048K)
 Metaspace       used 77497K, committed 78144K, reserved 1122304K
  class space    used 10602K, committed 10944K, reserved 1048576K
}
Event: 394.155 GC heap after
{Heap after GC invocations=31 (full 1):
 garbage-first heap   total 81920K, used 31948K [0x0000000700a00000, 0x0000000800000000)
  region size 2048K, 2 young (4096K), 2 survivors (4096K)
 Metaspace       used 77497K, committed 78144K, reserved 1122304K
  class space    used 10602K, committed 10944K, reserved 1048576K
}
Event: 396.564 GC heap before
{Heap before GC invocations=31 (full 1):
 garbage-first heap   total 81920K, used 62668K [0x0000000700a00000, 0x0000000800000000)
  region size 2048K, 18 young (36864K), 2 survivors (4096K)
 Metaspace       used 77557K, committed 78208K, reserved 1122304K
  class space    used 10617K, committed 10944K, reserved 1048576K
}
Event: 396.619 GC heap after
{Heap after GC invocations=32 (full 2):
 garbage-first heap   total 81920K, used 24977K [0x0000000700a00000, 0x0000000800000000)
  region size 2048K, 0 young (0K), 0 survivors (0K)
 Metaspace       used 77418K, committed 78144K, reserved 1122304K
  class space    used 10578K, committed 10944K, reserved 1048576K
}
Event: 397.330 GC heap before
{Heap before GC invocations=32 (full 2):
 garbage-first heap   total 81920K, used 59793K [0x0000000700a00000, 0x0000000800000000)
  region size 2048K, 18 young (36864K), 0 survivors (0K)
 Metaspace       used 77503K, committed 78144K, reserved 1122304K
  class space    used 10593K, committed 10944K, reserved 1048576K
}
Event: 397.333 GC heap after
{Heap after GC invocations=33 (full 2):
 garbage-first heap   total 81920K, used 27371K [0x0000000700a00000, 0x0000000800000000)
  region size 2048K, 2 young (4096K), 2 survivors (4096K)
 Metaspace       used 77503K, committed 78144K, reserved 1122304K
  class space    used 10593K, committed 10944K, reserved 1048576K
}
Event: 398.057 GC heap before
{Heap before GC invocations=33 (full 2):
 garbage-first heap   total 81920K, used 62187K [0x0000000700a00000, 0x0000000800000000)
  region size 2048K, 19 young (38912K), 2 survivors (4096K)
 Metaspace       used 77756K, committed 78400K, reserved 1122304K
  class space    used 10618K, committed 10944K, reserved 1048576K
}
Event: 398.061 GC heap after
{Heap after GC invocations=34 (full 2):
 garbage-first heap   total 81920K, used 29416K [0x0000000700a00000, 0x0000000800000000)
  region size 2048K, 3 young (6144K), 3 survivors (6144K)
 Metaspace       used 77756K, committed 78400K, reserved 1122304K
  class space    used 10618K, committed 10944K, reserved 1048576K
}
Event: 398.292 GC heap before
{Heap before GC invocations=34 (full 2):
 garbage-first heap   total 81920K, used 62184K [0x0000000700a00000, 0x0000000800000000)
  region size 2048K, 19 young (38912K), 3 survivors (6144K)
 Metaspace       used 77976K, committed 78592K, reserved 1122304K
  class space    used 10633K, committed 10944K, reserved 1048576K
}
Event: 398.297 GC heap after
{Heap after GC invocations=35 (full 2):
 garbage-first heap   total 81920K, used 30375K [0x0000000700a00000, 0x0000000800000000)
  region size 2048K, 2 young (4096K), 2 survivors (4096K)
 Metaspace       used 77976K, committed 78592K, reserved 1122304K
  class space    used 10633K, committed 10944K, reserved 1048576K
}

